<!DOCTYPE html>
<html>
<head>
    <title>Contactez-moi sur WhatsApp</title>
    <meta charset="UTF-8">
    <style>
        body {
            font-family: Arial, sans-serif;
            text-align: center;
            padding: 20px;
            max-width: 600px;
            margin: 0 auto;
        }
        .numero {
            background: #f0f0f0;
            padding: 15px;
            border-radius: 8px;
            font-size: 20px;
            margin: 20px 0;
        }
        .bouton {
            background: #25D366;
            color: white;
            padding: 12px 25px;
            text-decoration: none;
            border-radius: 6px;
            display: inline-block;
            font-weight: bold;
        }
    </style>
</head>
<body>
    <h1>📞 Enregistrez mon numéro</h1>
    <p>Pour discuter sur WhatsApp, veuillez d'abord ajouter ce numéro à vos contacts :</p>
    
    <div class="numero">+241 02 42 53 41</div> 
    
    <p>Cliquez ensuite sur le bouton :</p>
    
    <a href="https://wa.me/24102425341" class="bouton">Ouvrir WhatsApp</a>
</body>
</html>